{
  "RSpec": {
    "coverage": {
      "/root/xplusportfolio_b/config/environment.rb": {
        "lines": [
          null,
          1,
          null,
          null,
          1
        ]
      },
      "/root/xplusportfolio_b/config/application.rb": {
        "lines": [
          1,
          null,
          1,
          null,
          1,
          1,
          1,
          1,
          1,
          1,
          1,
          1,
          1,
          1,
          1,
          1,
          null,
          null,
          null,
          null,
          null,
          1,
          null,
          1,
          1,
          null,
          1,
          null,
          null,
          null,
          null,
          null,
          null,
          null,
          null,
          null,
          null,
          null,
          null,
          null,
          null,
          null,
          null,
          null,
          null,
          null,
          null,
          null,
          null,
          1,
          1,
          null,
          null
        ]
      },
      "/root/xplusportfolio_b/config/boot.rb": {
        "lines": [
          1,
          null,
          1,
          1
        ]
      },
      "/root/xplusportfolio_b/config/environments/test.rb": {
        "lines": [
          null,
          null,
          null,
          null,
          null,
          1,
          null,
          null,
          1,
          1,
          null,
          null,
          null,
          null,
          1,
          null,
          null,
          1,
          1,
          null,
          null,
          null,
          null,
          1,
          1,
          1,
          null,
          null,
          1,
          null,
          null,
          1,
          null,
          null,
          1,
          null,
          1,
          null,
          null,
          null,
          null,
          1,
          1,
          null,
          1,
          1,
          null,
          null,
          1,
          null,
          null,
          null,
          null
        ]
      },
      "/root/xplusportfolio_b/config/initializers/application_controller_renderer.rb": {
        "lines": [
          null,
          null,
          null,
          null,
          null,
          null,
          null,
          null
        ]
      },
      "/root/xplusportfolio_b/config/initializers/backtrace_silencers.rb": {
        "lines": [
          null,
          null,
          null,
          null,
          null,
          null,
          null
        ]
      },
      "/root/xplusportfolio_b/config/initializers/cloudinary.rb": {
        "lines": [
          1,
          1,
          1,
          1,
          1,
          1,
          null
        ]
      },
      "/root/xplusportfolio_b/config/initializers/cors.rb": {
        "lines": [
          null,
          null,
          null,
          null,
          null,
          null,
          null,
          1,
          1,
          1,
          null,
          0,
          null,
          1,
          null,
          null,
          null,
          1,
          null,
          null,
          null,
          null,
          null,
          null,
          null,
          null,
          null
        ]
      },
      "/root/xplusportfolio_b/config/initializers/devise.rb": {
        "lines": [
          null,
          null,
          null,
          null,
          null,
          null,
          null,
          null,
          null,
          null,
          1,
          null,
          null,
          null,
          null,
          null,
          null,
          null,
          null,
          null,
          null,
          null,
          null,
          null,
          null,
          null,
          null,
          null,
          null,
          null,
          null,
          null,
          null,
          null,
          null,
          null,
          null,
          null,
          1,
          null,
          null,
          null,
          null,
          null,
          null,
          null,
          null,
          null,
          null,
          null,
          null,
          null,
          null,
          null,
          null,
          null,
          null,
          null,
          null,
          null,
          1,
          null,
          null,
          null,
          null,
          1,
          null,
          null,
          null,
          null,
          null,
          null,
          null,
          null,
          null,
          null,
          null,
          null,
          null,
          null,
          null,
          null,
          null,
          null,
          null,
          null,
          null,
          null,
          null,
          null,
          null,
          null,
          null,
          null,
          null,
          null,
          null,
          null,
          null,
          1,
          null,
          null,
          null,
          null,
          null,
          null,
          null,
          null,
          null,
          null,
          null,
          null,
          null,
          null,
          null,
          null,
          null,
          null,
          null,
          null,
          null,
          null,
          null,
          null,
          null,
          1,
          null,
          null,
          null,
          null,
          null,
          null,
          null,
          null,
          null,
          null,
          null,
          null,
          null,
          null,
          null,
          null,
          null,
          null,
          null,
          null,
          null,
          null,
          null,
          null,
          null,
          null,
          null,
          null,
          null,
          null,
          null,
          null,
          null,
          1,
          null,
          null,
          null,
          null,
          null,
          null,
          null,
          null,
          null,
          1,
          null,
          null,
          null,
          null,
          null,
          null,
          null,
          null,
          null,
          null,
          1,
          null,
          null,
          null,
          null,
          1,
          null,
          null,
          null,
          null,
          null,
          null,
          null,
          null,
          null,
          null,
          null,
          null,
          null,
          null,
          null,
          null,
          null,
          null,
          null,
          null,
          null,
          null,
          null,
          null,
          null,
          null,
          null,
          null,
          null,
          null,
          null,
          null,
          null,
          null,
          null,
          null,
          null,
          null,
          null,
          null,
          1,
          null,
          null,
          null,
          null,
          null,
          null,
          null,
          null,
          null,
          null,
          null,
          null,
          null,
          null,
          null,
          null,
          null,
          null,
          null,
          null,
          null,
          null,
          null,
          null,
          null,
          null,
          null,
          null,
          null,
          null,
          null,
          null,
          null,
          null,
          null,
          null,
          null,
          null,
          null,
          null,
          null,
          1,
          null,
          null,
          null,
          null,
          null,
          null,
          null,
          null,
          null,
          null,
          null,
          null,
          null,
          null,
          null,
          null,
          null,
          null,
          null,
          null,
          null,
          null,
          null,
          null,
          null,
          null,
          null,
          null,
          null,
          null,
          null,
          null,
          null,
          null,
          null,
          null,
          null,
          null,
          null,
          null,
          null,
          null,
          null
        ]
      },
      "/root/xplusportfolio_b/config/initializers/devise_token_auth.rb": {
        "lines": [
          null,
          null,
          1,
          null,
          null,
          null,
          null,
          1,
          null,
          null,
          null,
          null,
          null,
          null,
          null,
          null,
          1,
          null,
          null,
          null,
          null,
          null,
          null,
          null,
          null,
          null,
          null,
          null,
          null,
          null,
          null,
          null,
          null,
          null,
          null,
          null,
          null,
          null,
          null,
          null,
          null,
          null,
          null,
          1,
          null,
          null,
          null,
          null,
          null,
          null,
          null,
          null,
          null,
          null,
          null,
          null,
          null,
          null,
          null,
          null,
          1,
          null
        ]
      },
      "/root/xplusportfolio_b/config/initializers/elasticsearch.rb": {
        "lines": [
          null,
          null,
          null,
          null,
          null,
          null,
          null
        ]
      },
      "/root/xplusportfolio_b/config/initializers/filter_parameter_logging.rb": {
        "lines": [
          null,
          null,
          null,
          1
        ]
      },
      "/root/xplusportfolio_b/config/initializers/friendly_id.rb": {
        "lines": [
          null,
          null,
          null,
          null,
          null,
          null,
          null,
          null,
          null,
          null,
          null,
          1,
          null,
          null,
          null,
          null,
          2,
          null,
          2,
          null,
          null,
          null,
          null,
          null,
          null,
          null,
          null,
          null,
          null,
          null,
          null,
          null,
          null,
          null,
          null,
          null,
          null,
          null,
          null,
          null,
          null,
          null,
          null,
          null,
          null,
          null,
          null,
          null,
          null,
          null,
          null,
          null,
          null,
          null,
          null,
          null,
          null,
          null,
          null,
          null,
          null,
          null,
          null,
          null,
          null,
          null,
          null,
          null,
          null,
          null,
          null,
          null,
          null,
          null,
          null,
          null,
          null,
          null,
          null,
          null,
          null,
          null,
          null,
          null,
          null,
          null,
          null,
          null,
          null,
          null,
          null,
          null,
          null,
          null,
          null,
          null,
          null,
          null,
          null,
          null,
          null,
          null,
          null,
          null,
          null,
          null,
          null
        ]
      },
      "/root/xplusportfolio_b/config/initializers/inflections.rb": {
        "lines": [
          null,
          null,
          null,
          null,
          null,
          null,
          null,
          null,
          null,
          null,
          null,
          null,
          null,
          null,
          null,
          null
        ]
      },
      "/root/xplusportfolio_b/config/initializers/mime_types.rb": {
        "lines": [
          null,
          null,
          null,
          null
        ]
      },
      "/root/xplusportfolio_b/config/initializers/omniauth.rb": {
        "lines": [
          null,
          null,
          null,
          null
        ]
      },
      "/root/xplusportfolio_b/config/initializers/pagy.rb": {
        "lines": [
          1,
          1,
          1,
          null
        ]
      },
      "/root/xplusportfolio_b/config/initializers/sidekiq.rb": {
        "lines": [
          1,
          null,
          null,
          2,
          null,
          null,
          null,
          1,
          0,
          null,
          null,
          1,
          1,
          null
        ]
      },
      "/root/xplusportfolio_b/config/initializers/wrap_parameters.rb": {
        "lines": [
          null,
          null,
          null,
          null,
          null,
          null,
          1,
          2,
          null,
          null,
          null,
          null,
          null,
          null
        ]
      },
      "/root/xplusportfolio_b/config/routes.rb": {
        "lines": [
          1,
          1,
          1,
          null,
          1,
          1,
          1,
          null,
          null,
          1,
          0,
          0,
          null,
          null,
          null,
          null,
          null,
          null,
          1,
          1,
          1,
          null,
          null,
          1,
          null,
          null,
          1,
          null,
          null,
          1,
          null,
          null,
          1,
          null,
          null,
          1,
          null,
          null,
          null,
          1,
          null,
          null,
          1,
          null,
          null,
          1,
          null,
          null,
          1,
          null,
          null,
          1,
          null,
          null,
          1,
          null,
          null,
          1,
          null,
          null,
          1,
          null,
          null,
          1,
          null,
          null,
          1,
          null,
          null,
          1,
          null,
          null,
          null,
          1,
          1,
          1,
          1,
          1,
          1,
          1,
          1,
          1,
          1,
          null,
          null,
          null,
          null,
          1,
          null,
          1,
          1,
          1,
          1,
          1,
          1,
          1,
          null,
          null,
          null,
          null,
          null,
          null,
          1,
          1,
          1,
          1,
          1,
          1,
          1,
          null,
          null,
          null,
          null,
          null,
          null,
          1,
          1,
          1,
          null,
          null,
          null,
          null,
          null,
          null,
          null
        ]
      },
      "/root/xplusportfolio_b/app/models/user.rb": {
        "lines": [
          null,
          null,
          1,
          1,
          1,
          null,
          1,
          null,
          null,
          null,
          1,
          0,
          null,
          1,
          null,
          null,
          1,
          null,
          1,
          1,
          1,
          1,
          1,
          1,
          1,
          1,
          1,
          1,
          1,
          1,
          null,
          1,
          null,
          1,
          null,
          0,
          null,
          null,
          null,
          null,
          null,
          1,
          null,
          null,
          900,
          null,
          null,
          null,
          null
        ]
      },
      "/root/xplusportfolio_b/app/models/application_record.rb": {
        "lines": [
          1,
          1,
          null
        ]
      },
      "/root/xplusportfolio_b/app/helpers/activity_helper.rb": {
        "lines": [
          1,
          null,
          1,
          null,
          0,
          null,
          null,
          null,
          1,
          0,
          null,
          null
        ]
      },
      "/root/xplusportfolio_b/app/helpers/broadcast_to_users_helper.rb": {
        "lines": [
          1,
          1,
          null,
          null,
          0,
          null,
          0,
          null,
          null,
          null
        ]
      },
      "/root/xplusportfolio_b/app/helpers/hash_builder_helper.rb": {
        "lines": [
          1,
          null,
          1,
          null,
          0,
          null,
          null,
          null,
          0,
          null,
          null,
          null,
          null,
          null,
          null,
          null,
          null,
          null,
          null,
          null,
          null,
          null,
          null,
          null,
          null,
          0,
          0,
          null,
          null,
          null,
          null,
          null,
          null,
          null,
          null,
          null,
          null,
          null,
          null,
          null,
          null
        ]
      },
      "/root/xplusportfolio_b/app/helpers/subscribe_user_helper.rb": {
        "lines": [
          1,
          1,
          null,
          2,
          2,
          1,
          null,
          null,
          null,
          2,
          0,
          null,
          null,
          null,
          null
        ]
      },
      "/root/xplusportfolio_b/app/helpers/webpush_helper.rb": {
        "lines": [
          1,
          1,
          null,
          null,
          null,
          0,
          null,
          null,
          null,
          null,
          null,
          null,
          null,
          null,
          null,
          null,
          null,
          null,
          null,
          null,
          null,
          1,
          null,
          0,
          null,
          null,
          0,
          null,
          0,
          null,
          null,
          null,
          null,
          null,
          null
        ]
      },
      "/root/xplusportfolio_b/app/channels/anticipation_channel.rb": {
        "lines": [
          1,
          1,
          0,
          null,
          null,
          1,
          null,
          null,
          null
        ]
      },
      "/root/xplusportfolio_b/app/channels/application_cable/channel.rb": {
        "lines": [
          1,
          1,
          null,
          null
        ]
      },
      "/root/xplusportfolio_b/app/channels/anticipation_fulfill_channel.rb": {
        "lines": [
          1,
          1,
          0,
          null,
          null,
          1,
          null,
          null,
          null
        ]
      },
      "/root/xplusportfolio_b/app/channels/anticipation_like_channel.rb": {
        "lines": [
          1,
          1,
          0,
          null,
          null,
          1,
          null,
          null,
          null
        ]
      },
      "/root/xplusportfolio_b/app/channels/anticipation_notification_channel.rb": {
        "lines": [
          1,
          1,
          0,
          null,
          null,
          null,
          1,
          null,
          null,
          null
        ]
      },
      "/root/xplusportfolio_b/app/channels/anticipation_subscription_channel.rb": {
        "lines": [
          1,
          1,
          null,
          0,
          null,
          null,
          1,
          null,
          null,
          null
        ]
      },
      "/root/xplusportfolio_b/app/channels/new_anticipation_channel.rb": {
        "lines": [
          1,
          1,
          null,
          null,
          0,
          null,
          null,
          1,
          null,
          null,
          null
        ]
      },
      "/root/xplusportfolio_b/app/channels/new_project_channel.rb": {
        "lines": [
          1,
          1,
          0,
          null,
          null,
          1,
          null,
          null,
          null,
          null
        ]
      },
      "/root/xplusportfolio_b/app/channels/project_channel.rb": {
        "lines": [
          1,
          1,
          0,
          null,
          null,
          1,
          null,
          null,
          null
        ]
      },
      "/root/xplusportfolio_b/app/channels/wall_channel.rb": {
        "lines": [
          1,
          1,
          null,
          0,
          null,
          null,
          null,
          1,
          0,
          null,
          null
        ]
      },
      "/root/xplusportfolio_b/app/jobs/anticipation_cable_job.rb": {
        "lines": [
          1,
          1,
          null,
          1,
          null,
          null,
          0,
          null,
          null,
          null,
          null
        ]
      },
      "/root/xplusportfolio_b/app/jobs/application_job.rb": {
        "lines": [
          1,
          null,
          null,
          null,
          null,
          null,
          null
        ]
      },
      "/root/xplusportfolio_b/app/jobs/anticipation_fulfill_job.rb": {
        "lines": [
          1,
          1,
          null,
          1,
          null,
          null,
          0,
          0,
          null,
          null,
          0,
          0,
          null,
          null,
          0,
          null,
          null,
          0,
          null,
          null,
          null
        ]
      },
      "/root/xplusportfolio_b/app/jobs/anticipation_like_job.rb": {
        "lines": [
          1,
          1,
          1,
          null,
          null,
          null,
          1,
          null,
          null,
          null,
          0,
          0,
          null,
          0,
          null,
          null,
          0,
          0,
          0,
          0,
          null,
          0,
          null,
          null,
          null,
          null,
          null,
          null
        ]
      },
      "/root/xplusportfolio_b/app/jobs/anticipation_subscription_job.rb": {
        "lines": [
          1,
          1,
          1,
          null,
          1,
          null,
          null,
          null,
          0,
          0,
          null,
          0,
          null,
          null,
          0,
          0,
          0,
          0,
          null,
          0,
          null,
          null,
          null,
          null
        ]
      },
      "/root/xplusportfolio_b/app/jobs/new_anticipation_job.rb": {
        "lines": [
          1,
          1,
          1,
          null,
          1,
          null,
          null,
          1,
          1,
          null,
          null,
          1,
          null,
          null,
          1,
          1,
          null,
          null,
          1,
          null,
          null,
          null,
          null
        ]
      },
      "/root/xplusportfolio_b/app/jobs/new_project_job.rb": {
        "lines": [
          1,
          1,
          null,
          1,
          null,
          null,
          null,
          0,
          0,
          null,
          0,
          0,
          null,
          0,
          null,
          null,
          null
        ]
      },
      "/root/xplusportfolio_b/app/jobs/new_suggestion_job.rb": {
        "lines": [
          1,
          1,
          null,
          1,
          null,
          null,
          0,
          null,
          null,
          0,
          null,
          0,
          0,
          null,
          0,
          null,
          null,
          null
        ]
      },
      "/root/xplusportfolio_b/app/jobs/project_like_job.rb": {
        "lines": [
          1,
          1,
          1,
          null,
          1,
          null,
          null,
          0,
          0,
          null,
          0,
          null,
          null,
          0,
          null,
          0,
          0,
          0,
          null,
          0,
          null,
          null,
          null,
          null,
          null,
          null,
          null,
          null,
          null
        ]
      },
      "/root/xplusportfolio_b/app/jobs/project_upvote_job.rb": {
        "lines": [
          1,
          1,
          1,
          null,
          null,
          1,
          null,
          null,
          null,
          0,
          0,
          null,
          0,
          null,
          null,
          0,
          null,
          0,
          0,
          0,
          null,
          0,
          null,
          null,
          null,
          null,
          null,
          null,
          null,
          null
        ]
      },
      "/root/xplusportfolio_b/app/mailers/anticipation_mailer.rb": {
        "lines": [
          1,
          null,
          null,
          null,
          null,
          null,
          null,
          1,
          null,
          null,
          0,
          null,
          null,
          null,
          null,
          0,
          0,
          null,
          null,
          null,
          1,
          0,
          null,
          null,
          null,
          null,
          0,
          0,
          null,
          null
        ]
      },
      "/root/xplusportfolio_b/app/mailers/application_mailer.rb": {
        "lines": [
          1,
          1,
          1,
          null
        ]
      },
      "/root/xplusportfolio_b/app/mailers/project_mailer.rb": {
        "lines": [
          1,
          null,
          null,
          null,
          null,
          null,
          null,
          null,
          1,
          null,
          null,
          0,
          null,
          null,
          null,
          null,
          0,
          0,
          null,
          null,
          null,
          null,
          1,
          0,
          null,
          null,
          0,
          0,
          null,
          null,
          null,
          1,
          0,
          0,
          0,
          0,
          null,
          null
        ]
      },
      "/root/xplusportfolio_b/app/models/anticipation_cover.rb": {
        "lines": [
          1,
          null
        ]
      },
      "/root/xplusportfolio_b/app/models/anticipation.rb": {
        "lines": [
          1,
          1,
          1,
          0,
          null,
          null,
          1,
          1,
          null,
          1,
          1,
          1,
          null,
          1,
          1,
          1,
          1,
          null,
          null,
          1,
          1,
          140,
          null,
          null,
          1,
          141,
          140,
          null,
          null,
          null,
          null,
          1,
          null,
          null,
          0,
          null,
          null,
          null,
          null,
          null
        ]
      },
      "/root/xplusportfolio_b/app/models/background_cover_photo.rb": {
        "lines": [
          1,
          1,
          null
        ]
      },
      "/root/xplusportfolio_b/app/models/comment.rb": {
        "lines": [
          1,
          1,
          1,
          1,
          1,
          1,
          null,
          null
        ]
      },
      "/root/xplusportfolio_b/app/models/note.rb": {
        "lines": [
          1,
          1,
          1,
          null,
          1,
          null
        ]
      },
      "/root/xplusportfolio_b/app/models/notification.rb": {
        "lines": [
          1,
          1,
          1,
          null
        ]
      },
      "/root/xplusportfolio_b/app/models/project_photo.rb": {
        "lines": [
          1,
          1,
          null,
          1,
          null
        ]
      },
      "/root/xplusportfolio_b/app/models/project.rb": {
        "lines": [
          1,
          1,
          1,
          null,
          1,
          0,
          null,
          null,
          1,
          1,
          1,
          1,
          1,
          1,
          1,
          1,
          1,
          1,
          null,
          null,
          null,
          1,
          null,
          0,
          null,
          null,
          null,
          null,
          null
        ]
      },
      "/root/xplusportfolio_b/app/models/resource.rb": {
        "lines": [
          1,
          null
        ]
      },
      "/root/xplusportfolio_b/app/models/suggestion.rb": {
        "lines": [
          1,
          1,
          null,
          1,
          1,
          1,
          1,
          null,
          1,
          null,
          1,
          null,
          1,
          190,
          null,
          null,
          null,
          null,
          null,
          null,
          null,
          null
        ]
      },
      "/root/xplusportfolio_b/app/models/technology.rb": {
        "lines": [
          1,
          null,
          1,
          null
        ]
      },
      "/root/xplusportfolio_b/app/models/tool.rb": {
        "lines": [
          1,
          1,
          1,
          null
        ]
      },
      "/root/xplusportfolio_b/app/models/web_push_notification.rb": {
        "lines": [
          1,
          1,
          null,
          1,
          null
        ]
      },
      "/root/xplusportfolio_b/app/models/follow.rb": {
        "lines": [
          1,
          null,
          1,
          1,
          null,
          null,
          1,
          1,
          null,
          1,
          0,
          null,
          null,
          null
        ]
      },
      "/root/xplusportfolio_b/app/controllers/application_controller.rb": {
        "lines": [
          1,
          1,
          1,
          1,
          1,
          1,
          null,
          1,
          null,
          1,
          193,
          null,
          null
        ]
      },
      "/root/xplusportfolio_b/app/controllers/api/v1/activities_controller.rb": {
        "lines": [
          1,
          null,
          1,
          1,
          null,
          1,
          null,
          0,
          0,
          null,
          null,
          1,
          null,
          0,
          0,
          null,
          null,
          1,
          null,
          0,
          0,
          null,
          0,
          null,
          null,
          null,
          1,
          null,
          1,
          null,
          null,
          null,
          1,
          null,
          1,
          1,
          null,
          null,
          null
        ]
      },
      "/root/xplusportfolio_b/app/controllers/api/v1/anticipation_covers_controller.rb": {
        "lines": [
          1,
          1,
          null,
          1,
          null,
          2,
          null,
          2,
          null,
          null
        ]
      },
      "/root/xplusportfolio_b/app/controllers/api/v1/anticipations_controller.rb": {
        "lines": [
          1,
          1,
          1,
          1,
          1,
          1,
          null,
          null,
          1,
          4,
          4,
          null,
          4,
          3,
          3,
          null,
          1,
          null,
          null,
          null,
          1,
          3,
          3,
          null,
          null,
          1,
          2,
          1,
          null,
          1,
          null,
          null,
          null,
          null,
          1,
          2,
          null,
          null,
          null,
          2,
          null,
          null,
          1,
          null,
          2,
          2,
          2,
          null,
          null,
          1,
          2,
          2,
          null,
          null,
          1,
          null,
          2,
          2,
          2,
          null,
          null,
          1,
          2,
          2,
          null,
          null,
          null,
          1,
          1,
          6,
          null,
          null,
          1,
          3,
          null,
          null,
          1,
          7,
          7,
          2,
          null,
          null,
          null,
          1,
          null,
          19,
          null,
          null,
          null,
          null,
          19,
          5,
          null,
          null,
          null,
          1,
          6,
          2,
          null,
          null,
          null,
          1,
          4,
          2,
          null,
          null,
          null,
          null,
          null,
          1,
          0,
          null,
          null
        ]
      },
      "/root/xplusportfolio_b/app/notifications/new_anticipation_notification.rb": {
        "lines": [
          null,
          null,
          null,
          null,
          null,
          1,
          1,
          1,
          null,
          null,
          null,
          null,
          1,
          null,
          null,
          null,
          null,
          1,
          null,
          null,
          null,
          null,
          null,
          null,
          null,
          1,
          null,
          1,
          0,
          0,
          null,
          null,
          null,
          null,
          0,
          null,
          null,
          null,
          null,
          null,
          null,
          null,
          1,
          0,
          null,
          null,
          1,
          null,
          1,
          null,
          null,
          0,
          0,
          null,
          null,
          0,
          null,
          null,
          0,
          null,
          null,
          null,
          1,
          null,
          1,
          null,
          null,
          0,
          null,
          null,
          0,
          null,
          null,
          0,
          null,
          null,
          null
        ]
      },
      "/root/xplusportfolio_b/app/notifications/delivery_methods/webpush.rb": {
        "lines": [
          1,
          1,
          1,
          null,
          null,
          0,
          0,
          null,
          null,
          0,
          null,
          0,
          null,
          null,
          null,
          null,
          null,
          null,
          null,
          null,
          null,
          null,
          null,
          null,
          null
        ]
      },
      "/root/xplusportfolio_b/app/controllers/api/v1/background_cover_photos_controller.rb": {
        "lines": [
          null,
          null,
          1,
          1,
          1,
          null,
          0,
          null,
          0,
          0,
          null,
          0,
          null,
          null,
          null,
          0,
          null,
          null,
          0,
          null,
          null,
          0,
          null,
          null,
          null,
          null,
          null,
          null,
          null
        ]
      },
      "/root/xplusportfolio_b/app/controllers/api/v1/mark_note_controller.rb": {
        "lines": [
          1,
          1,
          1,
          null,
          null,
          1,
          null,
          2,
          null,
          2,
          null,
          null,
          null,
          1,
          null,
          1,
          null,
          3,
          null,
          3,
          1,
          null,
          null,
          null,
          null
        ]
      },
      "/root/xplusportfolio_b/app/controllers/api/v1/notes_controller.rb": {
        "lines": [
          1,
          1,
          1,
          null,
          1,
          null,
          3,
          null,
          3,
          null,
          2,
          null,
          null,
          null,
          1,
          null,
          null,
          null,
          null,
          null,
          null,
          null,
          null,
          1,
          null,
          2,
          null,
          null,
          null,
          1,
          null,
          null,
          null,
          3,
          null,
          2,
          null,
          1,
          null,
          null,
          null,
          null,
          null,
          1,
          null,
          1,
          6,
          null,
          null,
          null,
          1,
          null,
          7,
          null,
          null,
          null,
          null,
          7,
          2,
          null,
          null,
          null
        ]
      },
      "/root/xplusportfolio_b/app/controllers/api/v1/notifications_controller.rb": {
        "lines": [
          1,
          1,
          null,
          1,
          null,
          2,
          null,
          0,
          null,
          null,
          2,
          null,
          null,
          2,
          null,
          null,
          null,
          1,
          null,
          1,
          null,
          null,
          1,
          1,
          1,
          null,
          null,
          0,
          null,
          null,
          null,
          null,
          null,
          1,
          0,
          0,
          0,
          null,
          null
        ]
      },
      "/root/xplusportfolio_b/app/controllers/api/v1/projects_controller.rb": {
        "lines": [
          1,
          1,
          1,
          null,
          null,
          null,
          1,
          null,
          2,
          null,
          1,
          null,
          1,
          null,
          null,
          2,
          null,
          null,
          null,
          1,
          null,
          0,
          0,
          0,
          null,
          null,
          0,
          null,
          0,
          null,
          0,
          null,
          null,
          null,
          null,
          null,
          0,
          0,
          0,
          0,
          0,
          0,
          0,
          null,
          null,
          0,
          0,
          0,
          null,
          0,
          null,
          0,
          null,
          0,
          0,
          null,
          null,
          null,
          null,
          0,
          0,
          null,
          null,
          null,
          0,
          0,
          null,
          null,
          null,
          null,
          null,
          null,
          null,
          null,
          null,
          null,
          null,
          null,
          null,
          null,
          0,
          null,
          null,
          0,
          null,
          0,
          null,
          null,
          0,
          null,
          null,
          0,
          null,
          0,
          null,
          null,
          null,
          null,
          null,
          1,
          null,
          2,
          1,
          null,
          1,
          null,
          null,
          null,
          null,
          1,
          2,
          null,
          null,
          null,
          1,
          2,
          null,
          null,
          1,
          null,
          2,
          null,
          2,
          2,
          null,
          null,
          null,
          null,
          1,
          2,
          2,
          null,
          null,
          null,
          1,
          2,
          2,
          2,
          null,
          null,
          1,
          2,
          2,
          null,
          null,
          null,
          1,
          null,
          2,
          null,
          null,
          null,
          2,
          null,
          null,
          null,
          1,
          null,
          null,
          2,
          2,
          null,
          null,
          1,
          null,
          1,
          2,
          null,
          null,
          1,
          0,
          null,
          0,
          0,
          null,
          null,
          null,
          1,
          27,
          null,
          null,
          null,
          null,
          27,
          9,
          null,
          null,
          null
        ]
      },
      "/root/xplusportfolio_b/app/controllers/api/v1/resources_controller.rb": {
        "lines": [
          1,
          1,
          null,
          1,
          null,
          null,
          4,
          null,
          4,
          null,
          null
        ]
      },
      "/root/xplusportfolio_b/app/controllers/api/v1/search_controller.rb": {
        "lines": [
          1,
          1,
          null,
          null,
          1,
          null,
          0,
          null,
          0,
          0,
          null,
          null,
          null,
          null,
          null
        ]
      },
      "/root/xplusportfolio_b/app/controllers/api/v1/suggestions_controller.rb": {
        "lines": [
          1,
          1,
          1,
          1,
          1,
          1,
          1,
          null,
          null,
          null,
          1,
          null,
          null,
          null,
          3,
          null,
          0,
          null,
          null,
          null,
          null,
          3,
          3,
          null,
          3,
          null,
          3,
          null,
          null,
          2,
          2,
          null,
          1,
          null,
          null,
          null,
          null,
          1,
          0,
          0,
          null,
          0,
          null,
          null,
          null,
          1,
          1,
          1,
          null,
          null,
          null,
          1,
          2,
          2,
          null,
          null,
          1,
          null,
          1,
          0,
          null,
          null,
          1,
          4,
          null,
          4,
          4,
          null,
          null,
          null,
          1,
          3,
          null,
          3,
          1,
          null,
          null,
          null,
          1,
          null,
          0,
          0,
          null,
          null,
          null,
          1,
          null,
          null,
          null,
          5,
          null,
          null,
          null,
          5,
          2,
          null,
          null,
          null,
          null,
          1,
          null,
          null,
          2,
          null,
          1,
          null,
          null,
          null,
          null,
          null,
          null,
          null,
          null,
          null
        ]
      },
      "/root/xplusportfolio_b/app/controllers/api/v1/technologies_controller.rb": {
        "lines": [
          1,
          1,
          null,
          1,
          null,
          2,
          null,
          2,
          null,
          null
        ]
      },
      "/root/xplusportfolio_b/app/controllers/api/v1/top_projects_controller.rb": {
        "lines": [
          1,
          1,
          null,
          1,
          null,
          null,
          0,
          null,
          0,
          null,
          null,
          null,
          null,
          0,
          0,
          0,
          null,
          null,
          0,
          null,
          null
        ]
      },
      "/root/xplusportfolio_b/app/controllers/api/v1/unfulfilled_anticipations_controller.rb": {
        "lines": [
          1,
          null,
          1,
          null,
          null,
          1,
          null,
          10,
          null,
          null,
          2,
          null,
          null
        ]
      },
      "/root/xplusportfolio_b/app/controllers/api/v1/users_controller.rb": {
        "lines": [
          1,
          1,
          1,
          1,
          1,
          2,
          1,
          null,
          1,
          null,
          2,
          null,
          null,
          1,
          null,
          2,
          null,
          null,
          null,
          2,
          null,
          null,
          null,
          2,
          null,
          2,
          2,
          2,
          null,
          null,
          2,
          1,
          null,
          null,
          1,
          null,
          null,
          null,
          null,
          null,
          null,
          null,
          1,
          1,
          null,
          1,
          null,
          null,
          1,
          null,
          null,
          1,
          null,
          2,
          null,
          2,
          null,
          null,
          null,
          1,
          2,
          null,
          2,
          null,
          null,
          1,
          null,
          null,
          2,
          null,
          2,
          null,
          null,
          null,
          1,
          null,
          2,
          2,
          null,
          null,
          1,
          null,
          2,
          2,
          null,
          null,
          1,
          null,
          2,
          2,
          null,
          null,
          1,
          null,
          null,
          2,
          2,
          null,
          null,
          1,
          2,
          2,
          null,
          null,
          null,
          1,
          1,
          null,
          null,
          28,
          28,
          9,
          null,
          null,
          null,
          1,
          4,
          2,
          null,
          null,
          null,
          null,
          null,
          1,
          2,
          null,
          null,
          1,
          2,
          null,
          null
        ]
      },
      "/root/xplusportfolio_b/app/controllers/api/v1/web_push_notifications_controller.rb": {
        "lines": [
          1,
          1,
          null,
          1,
          null,
          null,
          null,
          3,
          3,
          3,
          3,
          3,
          null,
          3,
          2,
          null,
          1,
          null,
          null,
          null,
          null,
          null,
          null,
          1,
          1,
          null,
          5,
          5,
          2,
          null,
          null,
          null
        ]
      }
    },
    "timestamp": 1648733393
  }
}
